2025-09-02 15:39:37 INFO  HikariDataSource:79 - HikariPool-1 - Starting...
2025-09-02 15:39:37 INFO  HikariPool:554 - HikariPool-1 - Added connection org.postgresql.jdbc.PgConnection@6591f517
2025-09-02 15:39:37 INFO  HikariDataSource:81 - HikariPool-1 - Start completed.
2025-09-02 15:41:10 INFO  HikariDataSource:349 - HikariPool-1 - Shutdown initiated...
2025-09-02 15:41:10 INFO  HikariDataSource:351 - HikariPool-1 - Shutdown completed.
2025-09-02 15:42:36 INFO  HikariDataSource:79 - HikariPool-1 - Starting...
2025-09-02 15:42:36 INFO  HikariPool:554 - HikariPool-1 - Added connection org.postgresql.jdbc.PgConnection@5a4aa2f2
2025-09-02 15:42:36 INFO  HikariDataSource:81 - HikariPool-1 - Start completed.
2025-09-02 15:43:34 INFO  HikariDataSource:349 - HikariPool-1 - Shutdown initiated...
2025-09-02 15:43:34 INFO  HikariDataSource:351 - HikariPool-1 - Shutdown completed.
2025-09-02 17:17:29 INFO  HikariDataSource:79 - HikariPool-1 - Starting...
2025-09-02 17:17:29 INFO  HikariPool:554 - HikariPool-1 - Added connection org.postgresql.jdbc.PgConnection@429bd883
2025-09-02 17:17:29 INFO  HikariDataSource:81 - HikariPool-1 - Start completed.
2025-09-02 17:19:47 INFO  HikariDataSource:349 - HikariPool-1 - Shutdown initiated...
2025-09-02 17:19:47 INFO  HikariDataSource:351 - HikariPool-1 - Shutdown completed.
2025-09-02 17:19:54 INFO  HikariDataSource:79 - HikariPool-1 - Starting...
2025-09-02 17:19:54 INFO  HikariPool:554 - HikariPool-1 - Added connection org.postgresql.jdbc.PgConnection@429bd883
2025-09-02 17:19:54 INFO  HikariDataSource:81 - HikariPool-1 - Start completed.
2025-09-02 17:20:13 INFO  HikariDataSource:349 - HikariPool-1 - Shutdown initiated...
2025-09-02 17:20:13 INFO  HikariDataSource:351 - HikariPool-1 - Shutdown completed.
2025-09-02 17:20:22 INFO  HikariDataSource:79 - HikariPool-1 - Starting...
2025-09-02 17:20:22 INFO  HikariPool:554 - HikariPool-1 - Added connection org.postgresql.jdbc.PgConnection@429bd883
2025-09-02 17:20:22 INFO  HikariDataSource:81 - HikariPool-1 - Start completed.
2025-09-02 17:20:35 INFO  HikariDataSource:349 - HikariPool-1 - Shutdown initiated...
2025-09-02 17:20:35 INFO  HikariDataSource:351 - HikariPool-1 - Shutdown completed.
2025-09-02 17:20:40 INFO  HikariDataSource:79 - HikariPool-1 - Starting...
2025-09-02 17:20:40 INFO  HikariPool:554 - HikariPool-1 - Added connection org.postgresql.jdbc.PgConnection@429bd883
2025-09-02 17:20:40 INFO  HikariDataSource:81 - HikariPool-1 - Start completed.
2025-09-02 17:24:58 INFO  HikariDataSource:349 - HikariPool-1 - Shutdown initiated...
2025-09-02 17:24:58 INFO  HikariDataSource:351 - HikariPool-1 - Shutdown completed.
2025-09-02 17:25:06 INFO  HikariDataSource:79 - HikariPool-1 - Starting...
2025-09-02 17:25:06 INFO  HikariPool:554 - HikariPool-1 - Added connection org.postgresql.jdbc.PgConnection@429bd883
2025-09-02 17:25:06 INFO  HikariDataSource:81 - HikariPool-1 - Start completed.
2025-09-02 17:28:55 INFO  HikariDataSource:349 - HikariPool-1 - Shutdown initiated...
2025-09-02 17:28:55 INFO  HikariDataSource:351 - HikariPool-1 - Shutdown completed.
2025-09-02 17:29:04 INFO  HikariDataSource:79 - HikariPool-1 - Starting...
2025-09-02 17:29:04 INFO  HikariPool:554 - HikariPool-1 - Added connection org.postgresql.jdbc.PgConnection@429bd883
2025-09-02 17:29:04 INFO  HikariDataSource:81 - HikariPool-1 - Start completed.
2025-09-02 17:30:32 INFO  HikariDataSource:349 - HikariPool-1 - Shutdown initiated...
2025-09-02 17:30:32 INFO  HikariDataSource:351 - HikariPool-1 - Shutdown completed.
2025-09-02 17:31:00 INFO  HikariDataSource:79 - HikariPool-1 - Starting...
2025-09-02 17:31:00 INFO  HikariPool:554 - HikariPool-1 - Added connection org.postgresql.jdbc.PgConnection@429bd883
2025-09-02 17:31:00 INFO  HikariDataSource:81 - HikariPool-1 - Start completed.
2025-09-02 17:44:54 WARN  HikariPool:797 - HikariPool-1 - Thread starvation or clock leap detected (housekeeper delta=1m6s945ms).
2025-09-02 17:51:15 INFO  HikariDataSource:349 - HikariPool-1 - Shutdown initiated...
2025-09-02 17:51:15 INFO  HikariDataSource:351 - HikariPool-1 - Shutdown completed.
2025-09-02 17:53:07 INFO  HikariDataSource:79 - HikariPool-1 - Starting...
2025-09-02 17:53:07 INFO  HikariPool:554 - HikariPool-1 - Added connection org.postgresql.jdbc.PgConnection@429bd883
2025-09-02 17:53:07 INFO  HikariDataSource:81 - HikariPool-1 - Start completed.
2025-09-02 17:54:01 INFO  HikariDataSource:349 - HikariPool-1 - Shutdown initiated...
2025-09-02 17:54:01 INFO  HikariDataSource:351 - HikariPool-1 - Shutdown completed.
